<?xml version="1.0" encoding="UTF-8"?>
<robot generator="Robot 3.0.2 (Python 3.6.4 on win32)" generated="20180323 15:03:51.771">
<suite id="s1" name="Tags" source="C:\Users\troy\PycharmProjects\RoboTest\Tags.robot">
<test id="s1-t1" name="Test title">
<kw name="Convert To Binary" library="BuiltIn">
<doc>Converts the given item to a binary string.</doc>
<arguments>
<arg>10</arg>
</arguments>
<assign>
<var>${x}</var>
</assign>
<msg timestamp="20180323 15:03:52.114" level="INFO">${x} = 1010</msg>
<status status="PASS" starttime="20180323 15:03:52.113" endtime="20180323 15:03:52.114"></status>
</kw>
<kw name="Log" library="BuiltIn">
<doc>Logs the given message with the given level.</doc>
<arguments>
<arg>${x}</arg>
</arguments>
<msg timestamp="20180323 15:03:52.114" level="INFO">1010</msg>
<status status="PASS" starttime="20180323 15:03:52.114" endtime="20180323 15:03:52.114"></status>
</kw>
<doc>Convert to Binary</doc>
<tags>
<tag>binary</tag>
<tag>t1</tag>
<tag>t2</tag>
</tags>
<status status="PASS" starttime="20180323 15:03:52.113" endtime="20180323 15:03:52.114" critical="yes"></status>
</test>
<doc>Suite description</doc>
<status status="PASS" starttime="20180323 15:03:52.061" endtime="20180323 15:03:52.115"></status>
</suite>
<statistics>
<total>
<stat pass="1" fail="0">Critical Tests</stat>
<stat pass="1" fail="0">All Tests</stat>
</total>
<tag>
<stat pass="1" fail="0">binary</stat>
<stat pass="1" fail="0">t1</stat>
<stat pass="1" fail="0">t2</stat>
</tag>
<suite>
<stat pass="1" fail="0" id="s1" name="Tags">Tags</stat>
</suite>
</statistics>
<errors>
</errors>
</robot>
